# JRE version: Java(TM) SE Runtime Environment 18.9 (11.0.14+8) (build 11.0.14+8-LTS-263)
# Java VM: Java HotSpot(TM) 64-Bit Server VM 18.9 (11.0.14+8-LTS-263, mixed mode, tiered, compressed oops, g1 gc, windows-amd64)
Heap:
 garbage-first heap   total 63488K, used 23728K [0x00000000e0000000, 0x0000000100000000)
  region size 1024K, 9 young (9216K), 1 survivors (1024K)
 Metaspace       used 23393K, capacity 24272K, committed 24448K, reserved 1071104K
  class space    used 2777K, capacity 3175K, committed 3200K, reserved 1048576K
GC Heap History (10 events):
Event: 3.803 GC heap before
{Heap before GC invocations=11 (full 0):
 garbage-first heap   total 63488K, used 49289K [0x00000000e0000000, 0x0000000100000000)
  region size 1024K, 37 young (37888K), 3 survivors (3072K)
 Metaspace       used 20873K, capacity 21660K, committed 21808K, reserved 1069056K
  class space    used 2467K, capacity 2807K, committed 2816K, reserved 1048576K
}
Event: 3.805 GC heap after
{Heap after GC invocations=12 (full 0):
 garbage-first heap   total 63488K, used 11504K [0x00000000e0000000, 0x0000000100000000)
  region size 1024K, 3 young (3072K), 3 survivors (3072K)
 Metaspace       used 20873K, capacity 21660K, committed 21808K, reserved 1069056K
  class space    used 2467K, capacity 2807K, committed 2816K, reserved 1048576K
}
Event: 3.849 GC heap before
{Heap before GC invocations=12 (full 0):
 garbage-first heap   total 63488K, used 47344K [0x00000000e0000000, 0x0000000100000000)
  region size 1024K, 37 young (37888K), 3 survivors (3072K)
 Metaspace       used 21129K, capacity 21935K, committed 22192K, reserved 1069056K
  class space    used 2512K, capacity 2864K, committed 2944K, reserved 1048576K
}
Event: 3.852 GC heap after
{Heap after GC invocations=13 (full 0):
 garbage-first heap   total 63488K, used 12243K [0x00000000e0000000, 0x0000000100000000)
  region size 1024K, 4 young (4096K), 4 survivors (4096K)
 Metaspace       used 21129K, capacity 21935K, committed 22192K, reserved 1069056K
  class space    used 2512K, capacity 2864K, committed 2944K, reserved 1048576K
}
Event: 3.865 GC heap before
{Heap before GC invocations=13 (full 0):
 garbage-first heap   total 63488K, used 47059K [0x00000000e0000000, 0x0000000100000000)
  region size 1024K, 37 young (37888K), 4 survivors (4096K)
 Metaspace       used 21129K, capacity 21935K, committed 22192K, reserved 1069056K
  class space    used 2512K, capacity 2864K, committed 2944K, reserved 1048576K
}
Event: 3.868 GC heap after
{Heap after GC invocations=14 (full 0):
 garbage-first heap   total 63488K, used 12211K [0x00000000e0000000, 0x0000000100000000)
  region size 1024K, 2 young (2048K), 2 survivors (2048K)
 Metaspace       used 21129K, capacity 21935K, committed 22192K, reserved 1069056K
  class space    used 2512K, capacity 2864K, committed 2944K, reserved 1048576K
}
Event: 3.890 GC heap before
{Heap before GC invocations=14 (full 0):
 garbage-first heap   total 63488K, used 49075K [0x00000000e0000000, 0x0000000100000000)
  region size 1024K, 37 young (37888K), 2 survivors (2048K)
 Metaspace       used 21142K, capacity 21948K, committed 22192K, reserved 1069056K
  class space    used 2515K, capacity 2868K, committed 2944K, reserved 1048576K
}
Event: 3.891 GC heap after
{Heap after GC invocations=15 (full 0):
 garbage-first heap   total 63488K, used 12211K [0x00000000e0000000, 0x0000000100000000)
  region size 1024K, 2 young (2048K), 2 survivors (2048K)
 Metaspace       used 21142K, capacity 21948K, committed 22192K, reserved 1069056K
  class space    used 2515K, capacity 2868K, committed 2944K, reserved 1048576K
}
Event: 3.991 GC heap before
{Heap before GC invocations=15 (full 0):
 garbage-first heap   total 63488K, used 53171K [0x00000000e0000000, 0x0000000100000000)
  region size 1024K, 37 young (37888K), 2 survivors (2048K)
 Metaspace       used 21889K, capacity 22684K, committed 23088K, reserved 1069056K
  class space    used 2612K, capacity 2964K, committed 3072K, reserved 1048576K
}
Event: 3.992 GC heap after
{Heap after GC invocations=16 (full 0):
 garbage-first heap   total 63488K, used 12464K [0x00000000e0000000, 0x0000000100000000)
  region size 1024K, 1 young (1024K), 1 survivors (1024K)
 Metaspace       used 21889K, capacity 22684K, committed 23088K, reserved 1069056K
  class space    used 2612K, capacity 2964K, committed 3072K, reserved 1048576K
}

